<?xml version="1.0" encoding="UTF-8" ?>
<testsuite tests="6" failures="0" name="com.cucumber.app.RunnerTest" time="0.078" errors="0" skipped="0">
  <properties>
[...]
</properties>
  <testcase classname="Scenario: Logging a user into app with credentials" name="Given User clicks on the login link" time="0"/>
  <testcase classname="Scenario: Logging a user into app with credentials" name="And Enter username as sample" time="0"/>
  <testcase classname="Scenario: Logging a user into app with credentials" name="And Enter password as test" time="0"/>
  <testcase classname="Scenario: Logging a user into app with credentials" name="And Click on loginbutton" time="0"/>
  <testcase classname="Scenario: Logging a user into app with credentials" name="Then User login should be success" time="0"/>
  <testcase classname="Scenario: Logging a user into app with credentials" name="Scenario: Logging a user into app with credentials" time="0.078"/>
</testsuite>